# JRE version: Java(TM) SE Runtime Environment (8.0_05-b13) (build 1.8.0_05-b13)
# Java VM: Java HotSpot(TM) 64-Bit Server VM (25.5-b02 mixed mode windows-amd64 compressed oops)
Heap:
 PSYoungGen      total 133632K, used 83888K [0x00000000d5f80000, 0x00000000df180000, 0x0000000100000000)
  eden space 123904K, 67% used [0x00000000d5f80000,0x00000000db16c118,0x00000000dd880000)
  from space 9728K, 0% used [0x00000000de600000,0x00000000de600000,0x00000000def80000)
  to   space 12800K, 0% used [0x00000000dd880000,0x00000000dd880000,0x00000000de500000)
 ParOldGen       total 29696K, used 20645K [0x0000000081e00000, 0x0000000083b00000, 0x00000000d5f80000)
  object space 29696K, 69% used [0x0000000081e00000,0x0000000083229780,0x0000000083b00000)
 Metaspace       used 30276K, capacity 30486K, committed 30896K, reserved 1077248K
  class space    used 3621K, capacity 3687K, committed 3760K, reserved 1048576K
GC Heap History (10 events):
Event: 3.840 GC heap before
{Heap before GC invocations=24 (full 0):
 PSYoungGen      total 76288K, used 70648K [0x00000000d5f80000, 0x00000000dcb80000, 0x0000000100000000)
  eden space 70656K, 99% used [0x00000000d5f80000,0x00000000da476060,0x00000000da480000)
  from space 5632K, 0% used [0x00000000da480000,0x00000000da488000,0x00000000daa00000)
  to   space 5632K, 0% used [0x00000000dc600000,0x00000000dc600000,0x00000000dcb80000)
 ParOldGen       total 129536K, used 17026K [0x0000000081e00000, 0x0000000089c80000, 0x00000000d5f80000)
  object space 129536K, 13% used [0x0000000081e00000,0x0000000082ea0908,0x0000000089c80000)
 Metaspace       used 18935K, capacity 19060K, committed 19328K, reserved 1067008K
  class space    used 2316K, capacity 2360K, committed 2432K, reserved 1048576K
Event: 3.856 GC heap after
Heap after GC invocations=24 (full 0):
 PSYoungGen      total 103936K, used 4794K [0x00000000d5f80000, 0x00000000dcd80000, 0x0000000100000000)
  eden space 98304K, 0% used [0x00000000d5f80000,0x00000000d5f80000,0x00000000dbf80000)
  from space 5632K, 85% used [0x00000000dc600000,0x00000000dcaae9c0,0x00000000dcb80000)
  to   space 6656K, 0% used [0x00000000dbf80000,0x00000000dbf80000,0x00000000dc600000)
 ParOldGen       total 129536K, used 25226K [0x0000000081e00000, 0x0000000089c80000, 0x00000000d5f80000)
  object space 129536K, 19% used [0x0000000081e00000,0x00000000836a2918,0x0000000089c80000)
 Metaspace       used 18935K, capacity 19060K, committed 19328K, reserved 1067008K
  class space    used 2316K, capacity 2360K, committed 2432K, reserved 1048576K
}
Event: 5.063 GC heap before
{Heap before GC invocations=25 (full 0):
 PSYoungGen      total 103936K, used 81380K [0x00000000d5f80000, 0x00000000dcd80000, 0x0000000100000000)
  eden space 98304K, 77% used [0x00000000d5f80000,0x00000000daa4a8a8,0x00000000dbf80000)
  from space 5632K, 85% used [0x00000000dc600000,0x00000000dcaae9c0,0x00000000dcb80000)
  to   space 6656K, 0% used [0x00000000dbf80000,0x00000000dbf80000,0x00000000dc600000)
 ParOldGen       total 129536K, used 25226K [0x0000000081e00000, 0x0000000089c80000, 0x00000000d5f80000)
  object space 129536K, 19% used [0x0000000081e00000,0x00000000836a2918,0x0000000089c80000)
 Metaspace       used 21052K, capacity 21188K, committed 21296K, reserved 1069056K
  class space    used 2547K, capacity 2587K, committed 2608K, reserved 1048576K
Event: 5.087 GC heap after
Heap after GC invocations=25 (full 0):
 PSYoungGen      total 104960K, used 6640K [0x00000000d5f80000, 0x00000000def80000, 0x0000000100000000)
  eden space 98304K, 0% used [0x00000000d5f80000,0x00000000d5f80000,0x00000000dbf80000)
  from space 6656K, 99% used [0x00000000dbf80000,0x00000000dc5fc2a8,0x00000000dc600000)
  to   space 9728K, 0% used [0x00000000de600000,0x00000000de600000,0x00000000def80000)
 ParOldGen       total 129536K, used 30153K [0x0000000081e00000, 0x0000000089c80000, 0x00000000d5f80000)
  object space 129536K, 23% used [0x0000000081e00000,0x0000000083b72790,0x0000000089c80000)
 Metaspace       used 21052K, capacity 21188K, committed 21296K, reserved 1069056K
  class space    used 2547K, capacity 2587K, committed 2608K, reserved 1048576K
}
Event: 5.087 GC heap before
{Heap before GC invocations=26 (full 1):
 PSYoungGen      total 104960K, used 6640K [0x00000000d5f80000, 0x00000000def80000, 0x0000000100000000)
  eden space 98304K, 0% used [0x00000000d5f80000,0x00000000d5f80000,0x00000000dbf80000)
  from space 6656K, 99% used [0x00000000dbf80000,0x00000000dc5fc2a8,0x00000000dc600000)
  to   space 9728K, 0% used [0x00000000de600000,0x00000000de600000,0x00000000def80000)
 ParOldGen       total 129536K, used 30153K [0x0000000081e00000, 0x0000000089c80000, 0x00000000d5f80000)
  object space 129536K, 23% used [0x0000000081e00000,0x0000000083b72790,0x0000000089c80000)
 Metaspace       used 21052K, capacity 21188K, committed 21296K, reserved 1069056K
  class space    used 2547K, capacity 2587K, committed 2608K, reserved 1048576K
Event: 5.125 GC heap after
Heap after GC invocations=26 (full 1):
 PSYoungGen      total 104960K, used 0K [0x00000000d5f80000, 0x00000000def80000, 0x0000000100000000)
  eden space 98304K, 0% used [0x00000000d5f80000,0x00000000d5f80000,0x00000000dbf80000)
  from space 6656K, 0% used [0x00000000dbf80000,0x00000000dbf80000,0x00000000dc600000)
  to   space 9728K, 0% used [0x00000000de600000,0x00000000de600000,0x00000000def80000)
 ParOldGen       total 24064K, used 15854K [0x0000000081e00000, 0x0000000083580000, 0x00000000d5f80000)
  object space 24064K, 65% used [0x0000000081e00000,0x0000000082d7b850,0x0000000083580000)
 Metaspace       used 21052K, capacity 21188K, committed 21296K, reserved 1069056K
  class space    used 2547K, capacity 2587K, committed 2608K, reserved 1048576K
}
Event: 7.702 GC heap before
{Heap before GC invocations=27 (full 1):
 PSYoungGen      total 104960K, used 98304K [0x00000000d5f80000, 0x00000000def80000, 0x0000000100000000)
  eden space 98304K, 100% used [0x00000000d5f80000,0x00000000dbf80000,0x00000000dbf80000)
  from space 6656K, 0% used [0x00000000dbf80000,0x00000000dbf80000,0x00000000dc600000)
  to   space 9728K, 0% used [0x00000000de600000,0x00000000de600000,0x00000000def80000)
 ParOldGen       total 24064K, used 15854K [0x0000000081e00000, 0x0000000083580000, 0x00000000d5f80000)
  object space 24064K, 65% used [0x0000000081e00000,0x0000000082d7b850,0x0000000083580000)
 Metaspace       used 28036K, capacity 28152K, committed 28336K, reserved 1075200K
  class space    used 3429K, capacity 3460K, committed 3504K, reserved 1048576K
Event: 7.722 GC heap after
Heap after GC invocations=27 (full 1):
 PSYoungGen      total 133632K, used 9720K [0x00000000d5f80000, 0x00000000df180000, 0x0000000100000000)
  eden space 123904K, 0% used [0x00000000d5f80000,0x00000000d5f80000,0x00000000dd880000)
  from space 9728K, 99% used [0x00000000de600000,0x00000000def7e2c8,0x00000000def80000)
  to   space 12800K, 0% used [0x00000000dd880000,0x00000000dd880000,0x00000000de500000)
 ParOldGen       total 24064K, used 20224K [0x0000000081e00000, 0x0000000083580000, 0x00000000d5f80000)
  object space 24064K, 84% used [0x0000000081e00000,0x00000000831c03b0,0x0000000083580000)
 Metaspace       used 28036K, capacity 28152K, committed 28336K, reserved 1075200K
  class space    used 3429K, capacity 3460K, committed 3504K, reserved 1048576K
}
Event: 7.722 GC heap before
{Heap before GC invocations=28 (full 2):
 PSYoungGen      total 133632K, used 9720K [0x00000000d5f80000, 0x00000000df180000, 0x0000000100000000)
  eden space 123904K, 0% used [0x00000000d5f80000,0x00000000d5f80000,0x00000000dd880000)
  from space 9728K, 99% used [0x00000000de600000,0x00000000def7e2c8,0x00000000def80000)
  to   space 12800K, 0% used [0x00000000dd880000,0x00000000dd880000,0x00000000de500000)
 ParOldGen       total 24064K, used 20224K [0x0000000081e00000, 0x0000000083580000, 0x00000000d5f80000)
  object space 24064K, 84% used [0x0000000081e00000,0x00000000831c03b0,0x0000000083580000)
 Metaspace       used 28036K, capacity 28152K, committed 28336K, reserved 1075200K
  class space    used 3429K, capacity 3460K, committed 3504K, reserved 1048576K
Event: 7.834 GC heap after
Heap after GC invocations=28 (full 2):
 PSYoungGen      total 133632K, used 0K [0x00000000d5f80000, 0x00000000df180000, 0x0000000100000000)
  eden space 123904K, 0% used [0x00000000d5f80000,0x00000000d5f80000,0x00000000dd880000)
  from space 9728K, 0% used [0x00000000de600000,0x00000000de600000,0x00000000def80000)
  to   space 12800K, 0% used [0x00000000dd880000,0x00000000dd880000,0x00000000de500000)
 ParOldGen       total 29696K, used 20645K [0x0000000081e00000, 0x0000000083b00000, 0x00000000d5f80000)
  object space 29696K, 69% used [0x0000000081e00000,0x0000000083229780,0x0000000083b00000)
 Metaspace       used 28036K, capacity 28152K, committed 28336K, reserved 1075200K
  class space    used 3429K, capacity 3460K, committed 3504K, reserved 1048576K
}

